<?xml version="1.0" encoding="UTF-8"?>
<!-- Generated by org.testng.reporters.JUnitReportReporter -->
<testsuite hostname="CP000340" name="qa.rajuverma.programs.Test1" tests="1" failures="0" timestamp="3 Jan 2018 11:09:59 GMT" time="44.123" errors="0">
  <testcase name="Login" time="44.123" classname="qa.rajuverma.programs.Test1"/>
</testsuite> <!-- qa.rajuverma.programs.Test1 -->
