<?xml version="1.0" encoding="UTF-8"?>
<!-- Generated by org.testng.reporters.JUnitReportReporter -->
<testsuite hostname="CP000340" name="scripts.script1" tests="1" failures="0" timestamp="22 Dec 2017 14:05:23 GMT" time="14.574" errors="0">
  <testcase name="test" time="14.574" classname="scripts.script1"/>
</testsuite>
