<?xml version="1.0" encoding="UTF-8"?>
<!-- Generated by org.testng.reporters.JUnitReportReporter -->
<testsuite hostname="CP000340" name="qa.rajuverma.programs.TestNg" tests="1" failures="0" timestamp="5 Jan 2018 06:20:25 GMT" time="1.526" errors="0">
  <testcase name="sensipleLogin" time="1.526" classname="qa.rajuverma.programs.TestNg"/>
</testsuite> <!-- qa.rajuverma.programs.TestNg -->
