<?xml version="1.0" encoding="UTF-8"?>
<!-- Generated by org.testng.reporters.JUnitReportReporter -->
<testsuite hostname="CP000340" name="qa.sensiple.testcases.Test1" tests="1" failures="0" timestamp="4 Jan 2018 11:28:56 GMT" time="39.259" errors="0">
  <testcase name="Login" time="39.259" classname="qa.sensiple.testcases.Test1"/>
</testsuite> <!-- qa.sensiple.testcases.Test1 -->
