<?xml version="1.0" encoding="UTF-8"?>
<!-- Generated by org.testng.reporters.JUnitReportReporter -->
<testsuite hostname="CP000340" name="qa.sensiple.browsers.InvokeBrowsers" tests="1" failures="0" timestamp="29 Dec 2017 08:53:34 GMT" time="21.046" errors="0">
  <testcase name="Login" time="21.046" classname="qa.sensiple.browsers.InvokeBrowsers"/>
</testsuite>
