<?xml version="1.0" encoding="UTF-8"?>
<!-- Generated by org.testng.reporters.JUnitReportReporter -->
<testsuite hostname="CP000340" name="scripts.SamplePropertyFileReadable" tests="1" failures="0" timestamp="27 Dec 2017 09:47:09 GMT" time="16.653" errors="0">
  <testcase name="test" time="16.653" classname="scripts.SamplePropertyFileReadable"/>
</testsuite>
