<?xml version="1.0" encoding="UTF-8"?>
<!-- Generated by org.testng.reporters.JUnitReportReporter -->
<testsuite skipped="0" hostname="CP000340" name="qa.rajuverma.programs.LMSTestNgCase" tests="1" failures="0" timestamp="05 Jan 2018 14:15:00 GMT" time="10.907" errors="0">
  <testcase name="sensipleLogin" time="10.907" classname="qa.rajuverma.programs.LMSTestNgCase"/>
</testsuite> <!-- qa.rajuverma.programs.LMSTestNgCase -->
